<?xml version="1.0" encoding="UTF-8"?>
<!-- Generated by org.testng.reporters.JUnitXMLReporter -->
<testsuite hostname="SAGE-ENC-L163" ignored="8" name="Test" tests="10" failures="0" timestamp="2021-05-13T18:12:04 IST" time="34.66" errors="0">
  <testcase name="Dashboard" time="1.138" classname="com.scripts.MainPage"/>
  <testcase name="PassCrendentials" time="2.159" classname="com.scripts.Login"/>
  <testcase name="OrderBook" time="12.231" classname="com.scripts.PurchaseModule"/>
  <testcase name="cartDetails" time="2.19" classname="com.scripts.ShoppingCartModule"/>
  <testcase name="billAddressDetails" time="1.303" classname="com.scripts.CheckoutModule"/>
  <testcase name="shippingAddress" time="4.279" classname="com.scripts.CheckoutModule"/>
  <testcase name="shippingMethod" time="0.901" classname="com.scripts.CheckoutModule"/>
  <testcase name="paymentMethod" time="0.924" classname="com.scripts.CheckoutModule"/>
  <testcase name="paymentInformation" time="3.304" classname="com.scripts.CheckoutModule"/>
  <testcase name="confirmOrder" time="4.519" classname="com.scripts.CheckoutModule"/>
  <testcase name="@BeforeSuite launch" time="0.0" classname="com.base.TestBase">
    <ignored/>
  </testcase> <!-- @BeforeSuite launch -->
  <testcase name="@BeforeSuite launch" time="0.0" classname="com.base.TestBase">
    <ignored/>
  </testcase> <!-- @BeforeSuite launch -->
  <testcase name="@BeforeSuite launch" time="0.0" classname="com.base.TestBase">
    <ignored/>
  </testcase> <!-- @BeforeSuite launch -->
  <testcase name="@BeforeSuite launch" time="0.0" classname="com.base.TestBase">
    <ignored/>
  </testcase> <!-- @BeforeSuite launch -->
  <testcase name="@AfterSuite close" time="0.0" classname="com.base.TestBase">
    <ignored/>
  </testcase> <!-- @AfterSuite close -->
  <testcase name="@AfterSuite close" time="0.0" classname="com.base.TestBase">
    <ignored/>
  </testcase> <!-- @AfterSuite close -->
  <testcase name="@AfterSuite close" time="0.0" classname="com.base.TestBase">
    <ignored/>
  </testcase> <!-- @AfterSuite close -->
  <testcase name="@AfterSuite close" time="0.0" classname="com.base.TestBase">
    <ignored/>
  </testcase> <!-- @AfterSuite close -->
</testsuite> <!-- Test -->
