<?xml version="1.0" encoding="UTF-8"?>
<!-- Generated by org.testng.reporters.JUnitXMLReporter -->
<testsuite hostname="SAGE-ENC-L163" ignored="8" name="Test" tests="10" failures="0" timestamp="2021-05-13T22:18:35 IST" time="28.847" errors="0">
  <testcase name="Dashboard" time="1.022" classname="com.scripts.MainPage"/>
  <testcase name="PassCrendentials" time="2.124" classname="com.scripts.Login"/>
  <testcase name="OrderBook" time="9.445" classname="com.scripts.PurchaseModule"/>
  <testcase name="cartDetails" time="2.019" classname="com.scripts.ShoppingCartModule"/>
  <testcase name="billAddressDetails" time="1.479" classname="com.scripts.CheckoutModule"/>
  <testcase name="shippingAddress" time="4.396" classname="com.scripts.CheckoutModule"/>
  <testcase name="shippingMethod" time="1.021" classname="com.scripts.CheckoutModule"/>
  <testcase name="paymentMethod" time="1.025" classname="com.scripts.CheckoutModule"/>
  <testcase name="paymentInformation" time="0.906" classname="com.scripts.CheckoutModule"/>
  <testcase name="confirmOrder" time="3.475" classname="com.scripts.CheckoutModule"/>
  <testcase name="@AfterSuite close" time="0.0" classname="com.base.TestBase">
    <ignored/>
  </testcase> <!-- @AfterSuite close -->
  <testcase name="@AfterSuite close" time="0.0" classname="com.base.TestBase">
    <ignored/>
  </testcase> <!-- @AfterSuite close -->
  <testcase name="@AfterSuite close" time="0.0" classname="com.base.TestBase">
    <ignored/>
  </testcase> <!-- @AfterSuite close -->
  <testcase name="@AfterSuite close" time="0.0" classname="com.base.TestBase">
    <ignored/>
  </testcase> <!-- @AfterSuite close -->
  <testcase name="@BeforeSuite launch" time="0.0" classname="com.base.TestBase">
    <ignored/>
  </testcase> <!-- @BeforeSuite launch -->
  <testcase name="@BeforeSuite launch" time="0.0" classname="com.base.TestBase">
    <ignored/>
  </testcase> <!-- @BeforeSuite launch -->
  <testcase name="@BeforeSuite launch" time="0.0" classname="com.base.TestBase">
    <ignored/>
  </testcase> <!-- @BeforeSuite launch -->
  <testcase name="@BeforeSuite launch" time="0.0" classname="com.base.TestBase">
    <ignored/>
  </testcase> <!-- @BeforeSuite launch -->
</testsuite> <!-- Test -->
