<?xml version="1.0" encoding="UTF-8"?>
<testng-results skipped="0" failed="0" ignored="8" total="18" passed="10">
  <reporter-output>
  </reporter-output>
  <suite name="Suite" duration-ms="30744" started-at="2021-05-13T21:58:29 IST" finished-at="2021-05-13T21:59:00 IST">
    <groups>
    </groups>
    <test name="Test" duration-ms="30744" started-at="2021-05-13T21:58:29 IST" finished-at="2021-05-13T21:59:00 IST">
      <class name="com.scripts.CheckoutModule">
        <test-method status="PASS" signature="StartTest(java.lang.reflect.Method)[pri:0, instance:com.scripts.CheckoutModule@2b6fcb9f]" name="StartTest" is-config="true" duration-ms="1" started-at="2021-05-13T21:58:46 IST" finished-at="2021-05-13T21:58:46 IST">
          <params>
            <param index="0">
              <value>
                <![CDATA[public void com.scripts.CheckoutModule.billAddressDetails() throws java.lang.Exception]]>
              </value>
            </param>
          </params>
          <reporter-output>
          </reporter-output>
        </test-method> <!-- StartTest -->
        <test-method status="PASS" signature="billAddressDetails()[pri:1, instance:com.scripts.CheckoutModule@2b6fcb9f]" name="billAddressDetails" duration-ms="1535" started-at="2021-05-13T21:58:46 IST" finished-at="2021-05-13T21:58:48 IST">
          <reporter-output>
          </reporter-output>
        </test-method> <!-- billAddressDetails -->
        <test-method status="PASS" signature="failure(org.testng.ITestResult)[pri:0, instance:com.scripts.CheckoutModule@2b6fcb9f]" name="failure" is-config="true" duration-ms="201" started-at="2021-05-13T21:58:48 IST" finished-at="2021-05-13T21:58:48 IST">
          <params>
            <param index="0">
              <value>
                <![CDATA[[TestResult name=billAddressDetails status=SUCCESS method=CheckoutModule.billAddressDetails()[pri:1, instance:com.scripts.CheckoutModule@2b6fcb9f] output={null}]]]>
              </value>
            </param>
          </params>
          <reporter-output>
          </reporter-output>
        </test-method> <!-- failure -->
        <test-method status="PASS" signature="StartTest(java.lang.reflect.Method)[pri:0, instance:com.scripts.CheckoutModule@2b6fcb9f]" name="StartTest" is-config="true" duration-ms="1" started-at="2021-05-13T21:58:48 IST" finished-at="2021-05-13T21:58:48 IST">
          <params>
            <param index="0">
              <value>
                <![CDATA[public void com.scripts.CheckoutModule.shippingAddress() throws java.lang.Exception]]>
              </value>
            </param>
          </params>
          <reporter-output>
          </reporter-output>
        </test-method> <!-- StartTest -->
        <test-method status="PASS" signature="shippingAddress()[pri:2, instance:com.scripts.CheckoutModule@2b6fcb9f]" name="shippingAddress" duration-ms="4467" started-at="2021-05-13T21:58:48 IST" finished-at="2021-05-13T21:58:52 IST">
          <reporter-output>
          </reporter-output>
        </test-method> <!-- shippingAddress -->
        <test-method status="PASS" signature="failure(org.testng.ITestResult)[pri:0, instance:com.scripts.CheckoutModule@2b6fcb9f]" name="failure" is-config="true" duration-ms="168" started-at="2021-05-13T21:58:52 IST" finished-at="2021-05-13T21:58:52 IST">
          <params>
            <param index="0">
              <value>
                <![CDATA[[TestResult name=shippingAddress status=SUCCESS method=CheckoutModule.shippingAddress()[pri:2, instance:com.scripts.CheckoutModule@2b6fcb9f] output={null}]]]>
              </value>
            </param>
          </params>
          <reporter-output>
          </reporter-output>
        </test-method> <!-- failure -->
        <test-method status="PASS" signature="StartTest(java.lang.reflect.Method)[pri:0, instance:com.scripts.CheckoutModule@2b6fcb9f]" name="StartTest" is-config="true" duration-ms="0" started-at="2021-05-13T21:58:52 IST" finished-at="2021-05-13T21:58:52 IST">
          <params>
            <param index="0">
              <value>
                <![CDATA[public void com.scripts.CheckoutModule.shippingMethod() throws java.lang.Exception]]>
              </value>
            </param>
          </params>
          <reporter-output>
          </reporter-output>
        </test-method> <!-- StartTest -->
        <test-method status="PASS" signature="shippingMethod()[pri:3, instance:com.scripts.CheckoutModule@2b6fcb9f]" name="shippingMethod" duration-ms="1022" started-at="2021-05-13T21:58:52 IST" finished-at="2021-05-13T21:58:53 IST">
          <reporter-output>
          </reporter-output>
        </test-method> <!-- shippingMethod -->
        <test-method status="PASS" signature="failure(org.testng.ITestResult)[pri:0, instance:com.scripts.CheckoutModule@2b6fcb9f]" name="failure" is-config="true" duration-ms="204" started-at="2021-05-13T21:58:53 IST" finished-at="2021-05-13T21:58:54 IST">
          <params>
            <param index="0">
              <value>
                <![CDATA[[TestResult name=shippingMethod status=SUCCESS method=CheckoutModule.shippingMethod()[pri:3, instance:com.scripts.CheckoutModule@2b6fcb9f] output={null}]]]>
              </value>
            </param>
          </params>
          <reporter-output>
          </reporter-output>
        </test-method> <!-- failure -->
        <test-method status="PASS" signature="StartTest(java.lang.reflect.Method)[pri:0, instance:com.scripts.CheckoutModule@2b6fcb9f]" name="StartTest" is-config="true" duration-ms="1" started-at="2021-05-13T21:58:54 IST" finished-at="2021-05-13T21:58:54 IST">
          <params>
            <param index="0">
              <value>
                <![CDATA[public void com.scripts.CheckoutModule.paymentMethod() throws java.lang.Exception]]>
              </value>
            </param>
          </params>
          <reporter-output>
          </reporter-output>
        </test-method> <!-- StartTest -->
        <test-method status="PASS" signature="paymentMethod()[pri:4, instance:com.scripts.CheckoutModule@2b6fcb9f]" name="paymentMethod" duration-ms="1026" started-at="2021-05-13T21:58:54 IST" finished-at="2021-05-13T21:58:55 IST">
          <reporter-output>
          </reporter-output>
        </test-method> <!-- paymentMethod -->
        <test-method status="PASS" signature="failure(org.testng.ITestResult)[pri:0, instance:com.scripts.CheckoutModule@2b6fcb9f]" name="failure" is-config="true" duration-ms="183" started-at="2021-05-13T21:58:55 IST" finished-at="2021-05-13T21:58:55 IST">
          <params>
            <param index="0">
              <value>
                <![CDATA[[TestResult name=paymentMethod status=SUCCESS method=CheckoutModule.paymentMethod()[pri:4, instance:com.scripts.CheckoutModule@2b6fcb9f] output={null}]]]>
              </value>
            </param>
          </params>
          <reporter-output>
          </reporter-output>
        </test-method> <!-- failure -->
        <test-method status="PASS" signature="paymentInformation()[pri:5, instance:com.scripts.CheckoutModule@2b6fcb9f]" name="paymentInformation" duration-ms="933" started-at="2021-05-13T21:58:55 IST" finished-at="2021-05-13T21:58:56 IST">
          <reporter-output>
          </reporter-output>
        </test-method> <!-- paymentInformation -->
        <test-method status="PASS" signature="StartTest(java.lang.reflect.Method)[pri:0, instance:com.scripts.CheckoutModule@2b6fcb9f]" name="StartTest" is-config="true" duration-ms="0" started-at="2021-05-13T21:58:55 IST" finished-at="2021-05-13T21:58:55 IST">
          <params>
            <param index="0">
              <value>
                <![CDATA[public void com.scripts.CheckoutModule.paymentInformation() throws java.lang.Exception]]>
              </value>
            </param>
          </params>
          <reporter-output>
          </reporter-output>
        </test-method> <!-- StartTest -->
        <test-method status="PASS" signature="failure(org.testng.ITestResult)[pri:0, instance:com.scripts.CheckoutModule@2b6fcb9f]" name="failure" is-config="true" duration-ms="201" started-at="2021-05-13T21:58:56 IST" finished-at="2021-05-13T21:58:56 IST">
          <params>
            <param index="0">
              <value>
                <![CDATA[[TestResult name=paymentInformation status=SUCCESS method=CheckoutModule.paymentInformation()[pri:5, instance:com.scripts.CheckoutModule@2b6fcb9f] output={null}]]]>
              </value>
            </param>
          </params>
          <reporter-output>
          </reporter-output>
        </test-method> <!-- failure -->
        <test-method status="PASS" signature="confirmOrder()[pri:6, instance:com.scripts.CheckoutModule@2b6fcb9f]" name="confirmOrder" duration-ms="3415" started-at="2021-05-13T21:58:56 IST" finished-at="2021-05-13T21:58:59 IST">
          <reporter-output>
          </reporter-output>
        </test-method> <!-- confirmOrder -->
        <test-method status="PASS" signature="StartTest(java.lang.reflect.Method)[pri:0, instance:com.scripts.CheckoutModule@2b6fcb9f]" name="StartTest" is-config="true" duration-ms="0" started-at="2021-05-13T21:58:56 IST" finished-at="2021-05-13T21:58:56 IST">
          <params>
            <param index="0">
              <value>
                <![CDATA[public void com.scripts.CheckoutModule.confirmOrder() throws java.lang.Exception]]>
              </value>
            </param>
          </params>
          <reporter-output>
          </reporter-output>
        </test-method> <!-- StartTest -->
        <test-method status="PASS" signature="failure(org.testng.ITestResult)[pri:0, instance:com.scripts.CheckoutModule@2b6fcb9f]" name="failure" is-config="true" duration-ms="253" started-at="2021-05-13T21:58:59 IST" finished-at="2021-05-13T21:59:00 IST">
          <params>
            <param index="0">
              <value>
                <![CDATA[[TestResult name=confirmOrder status=SUCCESS method=CheckoutModule.confirmOrder()[pri:6, instance:com.scripts.CheckoutModule@2b6fcb9f] output={null}]]]>
              </value>
            </param>
          </params>
          <reporter-output>
          </reporter-output>
        </test-method> <!-- failure -->
      </class> <!-- com.scripts.CheckoutModule -->
      <class name="com.scripts.Login">
        <test-method status="PASS" signature="StartTest(java.lang.reflect.Method)[pri:0, instance:com.scripts.Login@12eedfee]" name="StartTest" is-config="true" duration-ms="0" started-at="2021-05-13T21:58:31 IST" finished-at="2021-05-13T21:58:31 IST">
          <params>
            <param index="0">
              <value>
                <![CDATA[public void com.scripts.Login.PassCrendentials() throws java.lang.Exception]]>
              </value>
            </param>
          </params>
          <reporter-output>
          </reporter-output>
        </test-method> <!-- StartTest -->
        <test-method status="PASS" signature="PassCrendentials()[pri:0, instance:com.scripts.Login@12eedfee]" name="PassCrendentials" duration-ms="2508" started-at="2021-05-13T21:58:31 IST" finished-at="2021-05-13T21:58:33 IST">
          <reporter-output>
          </reporter-output>
        </test-method> <!-- PassCrendentials -->
        <test-method status="PASS" signature="failure(org.testng.ITestResult)[pri:0, instance:com.scripts.Login@12eedfee]" name="failure" is-config="true" duration-ms="126" started-at="2021-05-13T21:58:33 IST" finished-at="2021-05-13T21:58:33 IST">
          <params>
            <param index="0">
              <value>
                <![CDATA[[TestResult name=PassCrendentials status=SUCCESS method=Login.PassCrendentials()[pri:0, instance:com.scripts.Login@12eedfee] output={null}]]]>
              </value>
            </param>
          </params>
          <reporter-output>
          </reporter-output>
        </test-method> <!-- failure -->
      </class> <!-- com.scripts.Login -->
      <class name="com.scripts.ShoppingCartModule">
        <test-method status="PASS" signature="StartTest(java.lang.reflect.Method)[pri:0, instance:com.scripts.ShoppingCartModule@1352434e]" name="StartTest" is-config="true" duration-ms="1" started-at="2021-05-13T21:58:44 IST" finished-at="2021-05-13T21:58:44 IST">
          <params>
            <param index="0">
              <value>
                <![CDATA[public void com.scripts.ShoppingCartModule.cartDetails() throws java.lang.Exception]]>
              </value>
            </param>
          </params>
          <reporter-output>
          </reporter-output>
        </test-method> <!-- StartTest -->
        <test-method status="PASS" signature="cartDetails()[pri:0, instance:com.scripts.ShoppingCartModule@1352434e]" name="cartDetails" duration-ms="1995" started-at="2021-05-13T21:58:44 IST" finished-at="2021-05-13T21:58:46 IST">
          <reporter-output>
          </reporter-output>
        </test-method> <!-- cartDetails -->
        <test-method status="PASS" signature="failure(org.testng.ITestResult)[pri:0, instance:com.scripts.ShoppingCartModule@1352434e]" name="failure" is-config="true" duration-ms="149" started-at="2021-05-13T21:58:46 IST" finished-at="2021-05-13T21:58:46 IST">
          <params>
            <param index="0">
              <value>
                <![CDATA[[TestResult name=cartDetails status=SUCCESS method=ShoppingCartModule.cartDetails()[pri:0, instance:com.scripts.ShoppingCartModule@1352434e] output={null}]]]>
              </value>
            </param>
          </params>
          <reporter-output>
          </reporter-output>
        </test-method> <!-- failure -->
      </class> <!-- com.scripts.ShoppingCartModule -->
      <class name="com.scripts.PurchaseModule">
        <test-method status="PASS" signature="StartTest(java.lang.reflect.Method)[pri:0, instance:com.scripts.PurchaseModule@3c3c4a71]" name="StartTest" is-config="true" duration-ms="1" started-at="2021-05-13T21:58:33 IST" finished-at="2021-05-13T21:58:33 IST">
          <params>
            <param index="0">
              <value>
                <![CDATA[public void com.scripts.PurchaseModule.OrderBook() throws java.lang.Exception]]>
              </value>
            </param>
          </params>
          <reporter-output>
          </reporter-output>
        </test-method> <!-- StartTest -->
        <test-method status="PASS" signature="OrderBook()[pri:0, instance:com.scripts.PurchaseModule@3c3c4a71]" name="OrderBook" duration-ms="10534" started-at="2021-05-13T21:58:33 IST" finished-at="2021-05-13T21:58:44 IST">
          <reporter-output>
          </reporter-output>
        </test-method> <!-- OrderBook -->
        <test-method status="PASS" signature="failure(org.testng.ITestResult)[pri:0, instance:com.scripts.PurchaseModule@3c3c4a71]" name="failure" is-config="true" duration-ms="156" started-at="2021-05-13T21:58:44 IST" finished-at="2021-05-13T21:58:44 IST">
          <params>
            <param index="0">
              <value>
                <![CDATA[[TestResult name=OrderBook status=SUCCESS method=PurchaseModule.OrderBook()[pri:0, instance:com.scripts.PurchaseModule@3c3c4a71] output={null}]]]>
              </value>
            </param>
          </params>
          <reporter-output>
          </reporter-output>
        </test-method> <!-- failure -->
      </class> <!-- com.scripts.PurchaseModule -->
      <class name="com.scripts.MainPage">
        <test-method status="PASS" signature="launch()[pri:0, instance:com.scripts.MainPage@2370ac7a]" name="launch" is-config="true" duration-ms="7643" started-at="2021-05-13T21:58:21 IST" finished-at="2021-05-13T21:58:29 IST">
          <reporter-output>
          </reporter-output>
        </test-method> <!-- launch -->
        <test-method status="PASS" signature="StartTest(java.lang.reflect.Method)[pri:0, instance:com.scripts.MainPage@2370ac7a]" name="StartTest" is-config="true" duration-ms="11" started-at="2021-05-13T21:58:29 IST" finished-at="2021-05-13T21:58:29 IST">
          <params>
            <param index="0">
              <value>
                <![CDATA[public void com.scripts.MainPage.Dashboard() throws java.lang.Exception]]>
              </value>
            </param>
          </params>
          <reporter-output>
          </reporter-output>
        </test-method> <!-- StartTest -->
        <test-method status="PASS" signature="Dashboard()[pri:0, instance:com.scripts.MainPage@2370ac7a]" name="Dashboard" duration-ms="1088" started-at="2021-05-13T21:58:29 IST" finished-at="2021-05-13T21:58:30 IST">
          <reporter-output>
          </reporter-output>
        </test-method> <!-- Dashboard -->
        <test-method status="PASS" signature="failure(org.testng.ITestResult)[pri:0, instance:com.scripts.MainPage@2370ac7a]" name="failure" is-config="true" duration-ms="475" started-at="2021-05-13T21:58:30 IST" finished-at="2021-05-13T21:58:31 IST">
          <params>
            <param index="0">
              <value>
                <![CDATA[[TestResult name=Dashboard status=SUCCESS method=MainPage.Dashboard()[pri:0, instance:com.scripts.MainPage@2370ac7a] output={null}]]]>
              </value>
            </param>
          </params>
          <reporter-output>
          </reporter-output>
        </test-method> <!-- failure -->
        <test-method status="PASS" signature="close()[pri:0, instance:com.scripts.MainPage@2370ac7a]" name="close" is-config="true" duration-ms="1578" started-at="2021-05-13T21:59:00 IST" finished-at="2021-05-13T21:59:01 IST">
          <reporter-output>
          </reporter-output>
        </test-method> <!-- close -->
      </class> <!-- com.scripts.MainPage -->
    </test> <!-- Test -->
  </suite> <!-- Suite -->
</testng-results>
